Command line invocation:
    /Applications/Xcode.app/Contents/Developer/usr/bin/xcodebuild -project ManualBox.xcodeproj -scheme ManualBox -destination platform=macOS build

--- xcodebuild: WARNING: Using the first of multiple matching destinations:
{ platform:macOS, arch:arm64, id:00006040-000A29881404801C, name:My Mac }
{ platform:macOS, arch:x86_64, id:00006040-000A29881404801C, name:My Mac }
ComputePackagePrebuildTargetDependencyGraph

Prepare packages

CreateBuildRequest

SendProjectDescription

CreateBuildOperation

ComputeTargetDependencyGraph
note: Building targets in dependency order
note: Target dependency graph (1 target)
    Target 'ManualBox' in project 'ManualBox' (no dependencies)

GatherProvisioningInputs

CreateBuildDescription

ExecuteExternalTool /Applications/Xcode.app/Contents/Developer/Toolchains/XcodeDefault.xctoolchain/usr/bin/clang -v -E -dM -isysroot /Applications/Xcode.app/Contents/Developer/Platforms/MacOSX.platform/Developer/SDKs/MacOSX15.5.sdk -x c -c /dev/null

ExecuteExternalTool /Applications/Xcode.app/Contents/Developer/usr/bin/momc --dry-run --action generate --swift-version 5.0 --sdkroot /Applications/Xcode.app/Contents/Developer/Platforms/MacOSX.platform/Developer/SDKs/MacOSX15.5.sdk --macosx-deployment-target 15.0 --module ManualBox /Users/peter/Desktop/Github/manualbox/ManualBox/ManualBox.xcdatamodeld /Users/peter/Library/Developer/Xcode/DerivedData/ManualBox-dretyfoactigyqejyrxfarenchie/Build/Intermediates.noindex/ManualBox.build/Debug/ManualBox.build/DerivedSources/CoreDataGenerated/ManualBox

ExecuteExternalTool /Applications/Xcode.app/Contents/Developer/usr/bin/actool --version --output-format xml1

ExecuteExternalTool /Applications/Xcode.app/Contents/Developer/Toolchains/XcodeDefault.xctoolchain/usr/bin/swiftc --version

ExecuteExternalTool /Applications/Xcode.app/Contents/Developer/Toolchains/XcodeDefault.xctoolchain/usr/bin/ld -version_details

Build description signature: 16af089305f801f0ceb0275a74bfa63c
Build description path: /Users/peter/Library/Developer/Xcode/DerivedData/ManualBox-dretyfoactigyqejyrxfarenchie/Build/Intermediates.noindex/XCBuildData/16af089305f801f0ceb0275a74bfa63c.xcbuilddata
ClangStatCache /Applications/Xcode.app/Contents/Developer/Toolchains/XcodeDefault.xctoolchain/usr/bin/clang-stat-cache /Applications/Xcode.app/Contents/Developer/Platforms/MacOSX.platform/Developer/SDKs/MacOSX15.5.sdk /Users/peter/Library/Developer/Xcode/DerivedData/SDKStatCaches.noindex/macosx15.5-24F74-8254517eb8b97d462ccbc072ba9094c9.sdkstatcache
    cd /Users/peter/Desktop/Github/manualbox/ManualBox.xcodeproj
    /Applications/Xcode.app/Contents/Developer/Toolchains/XcodeDefault.xctoolchain/usr/bin/clang-stat-cache /Applications/Xcode.app/Contents/Developer/Platforms/MacOSX.platform/Developer/SDKs/MacOSX15.5.sdk -o /Users/peter/Library/Developer/Xcode/DerivedData/SDKStatCaches.noindex/macosx15.5-24F74-8254517eb8b97d462ccbc072ba9094c9.sdkstatcache

WriteAuxiliaryFile /Users/peter/Library/Developer/Xcode/DerivedData/ManualBox-dretyfoactigyqejyrxfarenchie/Build/Intermediates.noindex/ManualBox.build/Debug/ManualBox.build/Objects-normal/arm64/ManualBox.SwiftFileList (in target 'ManualBox' from project 'ManualBox')
    cd /Users/peter/Desktop/Github/manualbox
    write-file /Users/peter/Library/Developer/Xcode/DerivedData/ManualBox-dretyfoactigyqejyrxfarenchie/Build/Intermediates.noindex/ManualBox.build/Debug/ManualBox.build/Objects-normal/arm64/ManualBox.SwiftFileList

WriteAuxiliaryFile /Users/peter/Library/Developer/Xcode/DerivedData/ManualBox-dretyfoactigyqejyrxfarenchie/Build/Intermediates.noindex/ManualBox.build/Debug/ManualBox.build/Objects-normal/arm64/ManualBox.LinkFileList (in target 'ManualBox' from project 'ManualBox')
    cd /Users/peter/Desktop/Github/manualbox
    write-file /Users/peter/Library/Developer/Xcode/DerivedData/ManualBox-dretyfoactigyqejyrxfarenchie/Build/Intermediates.noindex/ManualBox.build/Debug/ManualBox.build/Objects-normal/arm64/ManualBox.LinkFileList

WriteAuxiliaryFile /Users/peter/Library/Developer/Xcode/DerivedData/ManualBox-dretyfoactigyqejyrxfarenchie/Build/Intermediates.noindex/ManualBox.build/Debug/ManualBox.build/Objects-normal/arm64/ManualBox.SwiftConstValuesFileList (in target 'ManualBox' from project 'ManualBox')
    cd /Users/peter/Desktop/Github/manualbox
    write-file /Users/peter/Library/Developer/Xcode/DerivedData/ManualBox-dretyfoactigyqejyrxfarenchie/Build/Intermediates.noindex/ManualBox.build/Debug/ManualBox.build/Objects-normal/arm64/ManualBox.SwiftConstValuesFileList

ProcessProductPackaging /Users/peter/Desktop/Github/manualbox/ManualBox/ManualBox.entitlements /Users/peter/Library/Developer/Xcode/DerivedData/ManualBox-dretyfoactigyqejyrxfarenchie/Build/Intermediates.noindex/ManualBox.build/Debug/ManualBox.build/ManualBox.app.xcent (in target 'ManualBox' from project 'ManualBox')
    cd /Users/peter/Desktop/Github/manualbox
    
    Entitlements:
    
    {
    "com.apple.application-identifier" = "F883XBKWR3.com.peter.ManualBox";
    "com.apple.developer.aps-environment" = development;
    "com.apple.developer.icloud-container-identifiers" =     (
        "iCloud.com.peter.ManualBox"
    );
    "com.apple.developer.icloud-services" =     (
        CloudKit
    );
    "com.apple.developer.team-identifier" = F883XBKWR3;
    "com.apple.security.app-sandbox" = 1;
    "com.apple.security.files.user-selected.read-only" = 1;
    "com.apple.security.get-task-allow" = 1;
    "com.apple.security.network.client" = 1;
    "com.apple.security.network.notifications" = 1;
    "com.apple.security.personal-information.calendars" = 1;
    "com.apple.security.personal-information.location" = 1;
}
    
    builtin-productPackagingUtility /Users/peter/Desktop/Github/manualbox/ManualBox/ManualBox.entitlements -entitlements -format xml -o /Users/peter/Library/Developer/Xcode/DerivedData/ManualBox-dretyfoactigyqejyrxfarenchie/Build/Intermediates.noindex/ManualBox.build/Debug/ManualBox.build/ManualBox.app.xcent

ProcessProductPackagingDER /Users/peter/Library/Developer/Xcode/DerivedData/ManualBox-dretyfoactigyqejyrxfarenchie/Build/Intermediates.noindex/ManualBox.build/Debug/ManualBox.build/ManualBox.app.xcent /Users/peter/Library/Developer/Xcode/DerivedData/ManualBox-dretyfoactigyqejyrxfarenchie/Build/Intermediates.noindex/ManualBox.build/Debug/ManualBox.build/ManualBox.app.xcent.der (in target 'ManualBox' from project 'ManualBox')
    cd /Users/peter/Desktop/Github/manualbox
    /usr/bin/derq query -f xml -i /Users/peter/Library/Developer/Xcode/DerivedData/ManualBox-dretyfoactigyqejyrxfarenchie/Build/Intermediates.noindex/ManualBox.build/Debug/ManualBox.build/ManualBox.app.xcent -o /Users/peter/Library/Developer/Xcode/DerivedData/ManualBox-dretyfoactigyqejyrxfarenchie/Build/Intermediates.noindex/ManualBox.build/Debug/ManualBox.build/ManualBox.app.xcent.der --raw

ProcessInfoPlistFile /Users/peter/Library/Developer/Xcode/DerivedData/ManualBox-dretyfoactigyqejyrxfarenchie/Build/Products/Debug/ManualBox.app/Contents/Info.plist /Users/peter/Desktop/Github/manualbox/ManualBox/Info.plist (in target 'ManualBox' from project 'ManualBox')
    cd /Users/peter/Desktop/Github/manualbox
    builtin-infoPlistUtility /Users/peter/Desktop/Github/manualbox/ManualBox/Info.plist -producttype com.apple.product-type.application -genpkginfo /Users/peter/Library/Developer/Xcode/DerivedData/ManualBox-dretyfoactigyqejyrxfarenchie/Build/Products/Debug/ManualBox.app/Contents/PkgInfo -expandbuildsettings -platform macosx -additionalcontentfile /Users/peter/Library/Developer/Xcode/DerivedData/ManualBox-dretyfoactigyqejyrxfarenchie/Build/Intermediates.noindex/ManualBox.build/Debug/ManualBox.build/assetcatalog_generated_info.plist -o /Users/peter/Library/Developer/Xcode/DerivedData/ManualBox-dretyfoactigyqejyrxfarenchie/Build/Products/Debug/ManualBox.app/Contents/Info.plist
removing value "remote-notification" for "UIBackgroundModes" - not supported on macOS

SwiftDriver ManualBox normal arm64 com.apple.xcode.tools.swift.compiler (in target 'ManualBox' from project 'ManualBox')
    cd /Users/peter/Desktop/Github/manualbox
    builtin-SwiftDriver -- /Applications/Xcode.app/Contents/Developer/Toolchains/XcodeDefault.xctoolchain/usr/bin/swiftc -module-name ManualBox -Onone -enforce-exclusivity\=checked @/Users/peter/Library/Developer/Xcode/DerivedData/ManualBox-dretyfoactigyqejyrxfarenchie/Build/Intermediates.noindex/ManualBox.build/Debug/ManualBox.build/Objects-normal/arm64/ManualBox.SwiftFileList -DDEBUG -enable-bare-slash-regex -enable-experimental-feature DebugDescriptionMacro -sdk /Applications/Xcode.app/Contents/Developer/Platforms/MacOSX.platform/Developer/SDKs/MacOSX15.5.sdk -target arm64-apple-macos15.0 -g -module-cache-path /Users/peter/Library/Developer/Xcode/DerivedData/ModuleCache.noindex -Xfrontend -serialize-debugging-options -profile-coverage-mapping -profile-generate -enable-testing -index-store-path /Users/peter/Library/Developer/Xcode/DerivedData/ManualBox-dretyfoactigyqejyrxfarenchie/Index.noindex/DataStore -swift-version 5 -I /Users/peter/Library/Developer/Xcode/DerivedData/ManualBox-dretyfoactigyqejyrxfarenchie/Build/Products/Debug -F /Users/peter/Library/Developer/Xcode/DerivedData/ManualBox-dretyfoactigyqejyrxfarenchie/Build/Products/Debug -emit-localized-strings -emit-localized-strings-path /Users/peter/Library/Developer/Xcode/DerivedData/ManualBox-dretyfoactigyqejyrxfarenchie/Build/Intermediates.noindex/ManualBox.build/Debug/ManualBox.build/Objects-normal/arm64 -c -j14 -enable-batch-mode -incremental -Xcc -ivfsstatcache -Xcc /Users/peter/Library/Developer/Xcode/DerivedData/SDKStatCaches.noindex/macosx15.5-24F74-8254517eb8b97d462ccbc072ba9094c9.sdkstatcache -output-file-map /Users/peter/Library/Developer/Xcode/DerivedData/ManualBox-dretyfoactigyqejyrxfarenchie/Build/Intermediates.noindex/ManualBox.build/Debug/ManualBox.build/Objects-normal/arm64/ManualBox-OutputFileMap.json -use-frontend-parseable-output -save-temps -no-color-diagnostics -serialize-diagnostics -emit-dependencies -emit-module -emit-module-path /Users/peter/Library/Developer/Xcode/DerivedData/ManualBox-dretyfoactigyqejyrxfarenchie/Build/Intermediates.noindex/ManualBox.build/Debug/ManualBox.build/Objects-normal/arm64/ManualBox.swiftmodule -validate-clang-modules-once -clang-build-session-file /Users/peter/Library/Developer/Xcode/DerivedData/ModuleCache.noindex/Session.modulevalidation -Xcc -I/Users/peter/Library/Developer/Xcode/DerivedData/ManualBox-dretyfoactigyqejyrxfarenchie/Build/Intermediates.noindex/ManualBox.build/Debug/ManualBox.build/swift-overrides.hmap -emit-const-values -Xfrontend -const-gather-protocols-file -Xfrontend /Users/peter/Library/Developer/Xcode/DerivedData/ManualBox-dretyfoactigyqejyrxfarenchie/Build/Intermediates.noindex/ManualBox.build/Debug/ManualBox.build/Objects-normal/arm64/ManualBox_const_extract_protocols.json -Xcc -iquote -Xcc /Users/peter/Library/Developer/Xcode/DerivedData/ManualBox-dretyfoactigyqejyrxfarenchie/Build/Intermediates.noindex/ManualBox.build/Debug/ManualBox.build/ManualBox-generated-files.hmap -Xcc -I/Users/peter/Library/Developer/Xcode/DerivedData/ManualBox-dretyfoactigyqejyrxfarenchie/Build/Intermediates.noindex/ManualBox.build/Debug/ManualBox.build/ManualBox-own-target-headers.hmap -Xcc -I/Users/peter/Library/Developer/Xcode/DerivedData/ManualBox-dretyfoactigyqejyrxfarenchie/Build/Intermediates.noindex/ManualBox.build/Debug/ManualBox.build/ManualBox-all-target-headers.hmap -Xcc -iquote -Xcc /Users/peter/Library/Developer/Xcode/DerivedData/ManualBox-dretyfoactigyqejyrxfarenchie/Build/Intermediates.noindex/ManualBox.build/Debug/ManualBox.build/ManualBox-project-headers.hmap -Xcc -I/Users/peter/Library/Developer/Xcode/DerivedData/ManualBox-dretyfoactigyqejyrxfarenchie/Build/Products/Debug/include -Xcc -I/Users/peter/Library/Developer/Xcode/DerivedData/ManualBox-dretyfoactigyqejyrxfarenchie/Build/Intermediates.noindex/ManualBox.build/Debug/ManualBox.build/DerivedSources-normal/arm64 -Xcc -I/Users/peter/Library/Developer/Xcode/DerivedData/ManualBox-dretyfoactigyqejyrxfarenchie/Build/Intermediates.noindex/ManualBox.build/Debug/ManualBox.build/DerivedSources/arm64 -Xcc -I/Users/peter/Library/Developer/Xcode/DerivedData/ManualBox-dretyfoactigyqejyrxfarenchie/Build/Intermediates.noindex/ManualBox.build/Debug/ManualBox.build/DerivedSources -Xcc -DDEBUG\=1 -emit-objc-header -emit-objc-header-path /Users/peter/Library/Developer/Xcode/DerivedData/ManualBox-dretyfoactigyqejyrxfarenchie/Build/Intermediates.noindex/ManualBox.build/Debug/ManualBox.build/Objects-normal/arm64/ManualBox-Swift.h -working-directory /Users/peter/Desktop/Github/manualbox -experimental-emit-module-separately -disable-cmo

SwiftCompile normal arm64 Compiling\ PlatformModal.swift /Users/peter/Desktop/Github/manualbox/ManualBox/UI/Components/PlatformModal.swift (in target 'ManualBox' from project 'ManualBox')

SwiftCompile normal arm64 /Users/peter/Desktop/Github/manualbox/ManualBox/UI/Components/PlatformModal.swift (in target 'ManualBox' from project 'ManualBox')
    cd /Users/peter/Desktop/Github/manualbox
    

SwiftCompile normal arm64 Compiling\ OCRDefaultView.swift /Users/peter/Desktop/Github/manualbox/ManualBox/UI/Views/Settings/OCRDefaultView.swift (in target 'ManualBox' from project 'ManualBox')

SwiftCompile normal arm64 /Users/peter/Desktop/Github/manualbox/ManualBox/UI/Views/Settings/OCRDefaultView.swift (in target 'ManualBox' from project 'ManualBox')
    cd /Users/peter/Desktop/Github/manualbox
    

SwiftCompile normal arm64 Compiling\ DataExportView.swift,\ AppNotification.swift /Users/peter/Desktop/Github/manualbox/ManualBox/UI/Views/Settings/DataExportView.swift /Users/peter/Desktop/Github/manualbox/ManualBox/Core/Models/AppNotification.swift (in target 'ManualBox' from project 'ManualBox')
SwiftCompile normal arm64 /Users/peter/Desktop/Github/manualbox/ManualBox/UI/Views/Settings/DataExportView.swift (in target 'ManualBox' from project 'ManualBox')
    cd /Users/peter/Desktop/Github/manualbox
    

SwiftCompile normal arm64 /Users/peter/Desktop/Github/manualbox/ManualBox/Core/Models/AppNotification.swift (in target 'ManualBox' from project 'ManualBox')
    cd /Users/peter/Desktop/Github/manualbox
    

SwiftCompile normal arm64 Compiling\ NotificationAdvancedSettingsPanel.swift /Users/peter/Desktop/Github/manualbox/ManualBox/UI/Views/Settings/NotificationAdvancedSettingsPanel.swift (in target 'ManualBox' from project 'ManualBox')

SwiftCompile normal arm64 /Users/peter/Desktop/Github/manualbox/ManualBox/UI/Views/Settings/NotificationAdvancedSettingsPanel.swift (in target 'ManualBox' from project 'ManualBox')
    cd /Users/peter/Desktop/Github/manualbox
    

SwiftCompile normal arm64 Compiling\ FilterView.swift /Users/peter/Desktop/Github/manualbox/ManualBox/UI/Views/Products/FilterView.swift (in target 'ManualBox' from project 'ManualBox')

SwiftCompile normal arm64 /Users/peter/Desktop/Github/manualbox/ManualBox/UI/Views/Products/FilterView.swift (in target 'ManualBox' from project 'ManualBox')
    cd /Users/peter/Desktop/Github/manualbox
    

SwiftCompile normal arm64 Compiling\ AboutSettingsPanel.swift /Users/peter/Desktop/Github/manualbox/ManualBox/UI/Views/Settings/AboutSettingsPanel.swift (in target 'ManualBox' from project 'ManualBox')

SwiftCompile normal arm64 /Users/peter/Desktop/Github/manualbox/ManualBox/UI/Views/Settings/AboutSettingsPanel.swift (in target 'ManualBox' from project 'ManualBox')
    cd /Users/peter/Desktop/Github/manualbox
    

SwiftEmitModule normal arm64 Emitting\ module\ for\ ManualBox (in target 'ManualBox' from project 'ManualBox')

EmitSwiftModule normal arm64 (in target 'ManualBox' from project 'ManualBox')
    cd /Users/peter/Desktop/Github/manualbox
    

SwiftCompile normal arm64 Compiling\ ManualSearchView.swift /Users/peter/Desktop/Github/manualbox/ManualBox/UI/Views/Common/ManualSearchView.swift (in target 'ManualBox' from project 'ManualBox')
Failed frontend command:
/Applications/Xcode.app/Contents/Developer/Toolchains/XcodeDefault.xctoolchain/usr/bin/swift-frontend -frontend -c /Users/peter/Desktop/Github/manualbox/ManualBox/Core/Models/Category+Extensions.swift /Users/peter/Desktop/Github/manualbox/ManualBox/UI/Views/Products/ProductFilterView.swift /Users/peter/Desktop/Github/manualbox/ManualBox/UI/Components/PlatformNavigation.swift /Users/peter/Desktop/Github/manualbox/ManualBox/UI/Views/Settings/PolicySheetView.swift /Users/peter/Desktop/Github/manualbox/ManualBox/UI/Views/Tags/TagDetailView.swift /Users/peter/Desktop/Github/manualbox/ManualBox/Core/Architecture/ViewModelFactory.swift /Users/peter/Desktop/Github/manualbox/ManualBox/UI/Views/Settings/DataExportView.swift /Users/peter/Desktop/Github/manualbox/ManualBox/Core/Services/Persistence.swift /Users/peter/Desktop/Github/manualbox/ManualBox/UI/Views/Products/RepairRecordsView.swift /Users/peter/Desktop/Github/manualbox/ManualBox/Core/Models/AppNotification.swift /Users/peter/Desktop/Github/manualbox/ManualBox/UI/Views/Products/ProductGridItem.swift /Users/peter/Desktop/Github/manualbox/ManualBox/UI/Components/PlatformModal.swift /Users/peter/Desktop/Github/manualbox/ManualBox/Core/Models/Product+Extensions.swift /Users/peter/Desktop/Github/manualbox/ManualBox/UI/Views/Categories/EditCategorySheet.swift /Users/peter/Desktop/Github/manualbox/ManualBox/UI/Views/Settings/DataImportView.swift /Users/peter/Desktop/Github/manualbox/ManualBox/Core/Services/OCRService.swift /Users/peter/Desktop/Github/manualbox/ManualBox/UI/Views/Settings/SettingsViewModel.swift /Users/peter/Desktop/Github/manualbox/ManualBox/UI/Views/Products/SearchFilterView.swift /Users/peter/Desktop/Github/manualbox/ManualBox/UI/Views/Settings/ThemeSettingsPanel.swift /Users/peter/Desktop/Github/manualbox/ManualBox/Features/Products/ContentView.swift /Users/peter/Desktop/Github/manualbox/ManualBox/UI/Views/Products/ProductGridView.swift /Users/peter/Desktop/Github/manualbox/ManualBox/UI/Components/PlatformLayout.swift /Users/peter/Desktop/Github/manualbox/ManualBox/Core/Models/MetalManager.swift /Users/peter/Desktop/Github/manualbox/ManualBox/UI/Views/Settings/OCRDefaultView.swift /Users/peter/Desktop/Github/manualbox/ManualBox/UI/Views/Categories/CategoryDetailView.swift /Users/peter/Desktop/Github/manualbox/ManualBox/UI/Views/Settings/DataSettingsPanel.swift /Users/peter/Desktop/Github/manualbox/ManualBox/Core/Services/ManualSearchService.swift /Users/peter/Desktop/Github/manualbox/ManualBox/App/ManualBoxApp.swift /Users/peter/Desktop/Github/manualbox/ManualBox/UI/Views/Products/EditProductView.swift /Users/peter/Desktop/Github/manualbox/ManualBox/UI/Views/Products/SortOption.swift /Users/peter/Desktop/Github/manualbox/ManualBox/Core/DependencyInjection/ServiceRegistration.swift /Users/peter/Desktop/Github/manualbox/ManualBox/UI/Views/Products/ProductListContentView.swift /Users/peter/Desktop/Github/manualbox/ManualBox/UI/Components/PlatformInput.swift /Users/peter/Desktop/Github/manualbox/ManualBox/Core/Models/NotificationManager.swift /Users/peter/Desktop/Github/manualbox/ManualBox/UI/Views/Categories/CategoriesViewModel.swift /Users/peter/Desktop/Github/manualbox/ManualBox/UI/Views/Settings/LanguagePickerView.swift /Users/peter/Desktop/Github/manualbox/ManualBox/Core/Services/FileProcessingService.swift /Users/peter/Desktop/Github/manualbox/ManualBox/UI/Views/Products/AddRepairRecordView.swift /Users/peter/Desktop/Github/manualbox/ManualBox/UI/Views/Products/ViewStyle.swift /Users/peter/Desktop/Github/manualbox/ManualBox/Core/DependencyInjection/ServiceContainer.swift /Users/peter/Desktop/Github/manualbox/ManualBox/UI/Views/Products/ProductListItem.swift /Users/peter/Desktop/Github/manualbox/ManualBox/UI/Components/PlatformFileHandler.swift /Users/peter/Desktop/Github/manualbox/ManualBox/Core/Models/NotificationScheduler.swift /Users/peter/Desktop/Github/manualbox/ManualBox/UI/Views/Products/EditRepairRecordView.swift /Users/peter/Desktop/Github/manualbox/ManualBox/UI/Views/Categories/CategoriesView.swift /Users/peter/Desktop/Github/manualbox/ManualBox/UI/Views/Settings/NotificationAdvancedSettingsPanel.swift /Users/peter/Desktop/Github/manualbox/ManualBox/Core/Services/DataExportService.swift /Users/peter/Desktop/Github/manualbox/ManualBox/UI/Views/Settings/SettingsView.swift /Users/peter/Desktop/Github/manualbox/ManualBox/UI/Views/Products/AddProductViewModel.swift /Users/peter/Desktop/Github/manualbox/ManualBox/Core/Utils/PlatformPerformance.swift /Users/peter/Desktop/Github/manualbox/ManualBox/Core/Configuration/AppConfiguration.swift /Users/peter/Desktop/Github/manualbox/ManualBox/UI/Views/Tags/EditTagSheet.swift /Users/peter/Desktop/Github/manualbox/ManualBox/UI/Views/Products/ProductListView.swift /Users/peter/Desktop/Github/manualbox/ManualBox/UI/Components/PlatformFeedback.swift /Users/peter/Desktop/Github/manualbox/ManualBox/Core/Models/Order+Extensions.swift /Users/peter/Desktop/Github/manualbox/ManualBox/UI/Views/Products/FilterView.swift /Users/peter/Desktop/Github/manualbox/ManualBox/UI/Views/Settings/NotificationSettingsView.swift /Users/peter/Desktop/Github/manualbox/ManualBox/Core/Services/CloudKitSyncService.swift /Users/peter/Desktop/Github/manualbox/ManualBox/Core/Architecture/BaseRepository.swift /Users/peter/Desktop/Github/manualbox/ManualBox/UI/Views/Products/AddProductView.swift /Users/peter/Desktop/Github/manualbox/ManualBox/UI/Views/Settings/AboutSettingsPanel.swift /Users/peter/Desktop/Github/manualbox/ManualBox/Core/Utils/PlatformImage.swift /Users/peter/Desktop/Github/manualbox/ManualBox/UI/Views/Products/ProductListViewModel.swift /Users/peter/Desktop/Github/manualbox/ManualBox/UI/Views/Settings/WarrantyDefaultView.swift /Users/peter/Desktop/Github/manualbox/ManualBox/UI/Components/PlatformButton.swift /Users/peter/Desktop/Github/manualbox/ManualBox/Core/Models/Manual+Extensions.swift /Users/peter/Desktop/Github/manualbox/ManualBox/UI/Views/Products/ManualPreviewView.swift /Users/peter/Desktop/Github/manualbox/ManualBox/Core/Models/RepairRecord+Extensions.swift /Users/peter/Desktop/Github/manualbox/ManualBox/UI/Views/MainTabView.swift /Users/peter/Desktop/Github/manualbox/ManualBox/Core/Architecture/DataAccessProtocol.swift /Users/peter/Desktop/Github/manualbox/ManualBox/UI/Views/Settings/AccentColorPickerView.swift /Users/peter/Desktop/Github/manualbox/ManualBox/UI/Views/Settings/ThemePickerView.swift /Users/peter/Desktop/Github/manualbox/ManualBox/Core/Utils/PlatformAdapter.swift /Users/peter/Desktop/Github/manualbox/ManualBox/UI/Views/Products/ProductRowView.swift /Users/peter/Desktop/Github/manualbox/ManualBox/Core/Models/ImportService.swift /Users/peter/Desktop/Github/manualbox/ManualBox/UI/Views/Products/ProductDetailView.swift /Users/peter/Desktop/Github/manualbox/ManualBox/UI/Components/ProductRow.swift /Users/peter/Desktop/Github/manualbox/ManualBox/Core/Models/SearchFilters.swift /Users/peter/Desktop/Github/manualbox/ManualBox/UI/Views/Settings/SettingRow.swift /Users/peter/Desktop/Github/manualbox/ManualBox/UI/Views/Tags/TagsViewModel.swift /Users/peter/Desktop/Github/manualbox/ManualBox/Core/Architecture/EntityRepositories.swift -primary-file /Users/peter/Desktop/Github/manualbox/ManualBox/UI/Views/Common/ManualSearchView.swift /Users/peter/Desktop/Github/manualbox/ManualBox/UI/Views/Settings/AppInfoView.swift /Users/peter/Desktop/Github/manualbox/ManualBox/Core/Utils/Calendar+Extension.swift /Users/peter/Desktop/Github/manualbox/ManualBox/Core/Architecture/ViewModelProtocolExtensions.swift /Users/peter/Desktop/Github/manualbox/ManualBox/UI/Views/Products/RepairRecordDetailView.swift /Users/peter/Desktop/Github/manualbox/ManualBox/Core/Models/ExportService.swift /Users/peter/Desktop/Github/manualbox/ManualBox/UI/Views/Products/ProductDetailViewModel.swift /Users/peter/Desktop/Github/manualbox/ManualBox/UI/Components/PlatformToolbar.swift /Users/peter/Desktop/Github/manualbox/ManualBox/Core/Models/Tag+Extensions.swift /Users/peter/Desktop/Github/manualbox/ManualBox/UI/Views/Tags/TagsView.swift /Users/peter/Desktop/Github/manualbox/ManualBox/Core/Architecture/ServiceProtocol.swift /Users/peter/Desktop/Github/manualbox/ManualBox/UI/Views/Common/EnhancedFileUploadView.swift /Users/peter/Desktop/Github/manualbox/ManualBox/UI/Views/Settings/DataBackupView.swift /Users/peter/Desktop/Github/manualbox/ManualBox/Core/Architecture/ViewModelProtocol.swift /Users/peter/Desktop/Github/manualbox/ManualBox/UI/Views/Products/RepairRecordRow.swift /Users/peter/Library/Developer/Xcode/DerivedData/ManualBox-dretyfoactigyqejyrxfarenchie/Build/Intermediates.noindex/ManualBox.build/Debug/ManualBox.build/DerivedSources/CoreDataGenerated/ManualBox/Category+CoreDataClass.swift /Users/peter/Library/Developer/Xcode/DerivedData/ManualBox-dretyfoactigyqejyrxfarenchie/Build/Intermediates.noindex/ManualBox.build/Debug/ManualBox.build/DerivedSources/CoreDataGenerated/ManualBox/Category+CoreDataProperties.swift /Users/peter/Library/Developer/Xcode/DerivedData/ManualBox-dretyfoactigyqejyrxfarenchie/Build/Intermediates.noindex/ManualBox.build/Debug/ManualBox.build/DerivedSources/CoreDataGenerated/ManualBox/Item+CoreDataClass.swift /Users/peter/Library/Developer/Xcode/DerivedData/ManualBox-dretyfoactigyqejyrxfarenchie/Build/Intermediates.noindex/ManualBox.build/Debug/ManualBox.build/DerivedSources/CoreDataGenerated/ManualBox/Item+CoreDataProperties.swift /Users/peter/Library/Developer/Xcode/DerivedData/ManualBox-dretyfoactigyqejyrxfarenchie/Build/Intermediates.noindex/ManualBox.build/Debug/ManualBox.build/DerivedSources/CoreDataGenerated/ManualBox/Manual+CoreDataClass.swift /Users/peter/Library/Developer/Xcode/DerivedData/ManualBox-dretyfoactigyqejyrxfarenchie/Build/Intermediates.noindex/ManualBox.build/Debug/ManualBox.build/DerivedSources/CoreDataGenerated/ManualBox/Manual+CoreDataProperties.swift /Users/peter/Library/Developer/Xcode/DerivedData/ManualBox-dretyfoactigyqejyrxfarenchie/Build/Intermediates.noindex/ManualBox.build/Debug/ManualBox.build/DerivedSources/CoreDataGenerated/ManualBox/Order+CoreDataClass.swift /Users/peter/Library/Developer/Xcode/DerivedData/ManualBox-dretyfoactigyqejyrxfarenchie/Build/Intermediates.noindex/ManualBox.build/Debug/ManualBox.build/DerivedSources/CoreDataGenerated/ManualBox/Order+CoreDataProperties.swift /Users/peter/Library/Developer/Xcode/DerivedData/ManualBox-dretyfoactigyqejyrxfarenchie/Build/Intermediates.noindex/ManualBox.build/Debug/ManualBox.build/DerivedSources/CoreDataGenerated/ManualBox/Product+CoreDataClass.swift /Users/peter/Library/Developer/Xcode/DerivedData/ManualBox-dretyfoactigyqejyrxfarenchie/Build/Intermediates.noindex/ManualBox.build/Debug/ManualBox.build/DerivedSources/CoreDataGenerated/ManualBox/Product+CoreDataProperties.swift /Users/peter/Library/Developer/Xcode/DerivedData/ManualBox-dretyfoactigyqejyrxfarenchie/Build/Intermediates.noindex/ManualBox.build/Debug/ManualBox.build/DerivedSources/CoreDataGenerated/ManualBox/RepairRecord+CoreDataClass.swift /Users/peter/Library/Developer/Xcode/DerivedData/ManualBox-dretyfoactigyqejyrxfarenchie/Build/Intermediates.noindex/ManualBox.build/Debug/ManualBox.build/DerivedSources/CoreDataGenerated/ManualBox/RepairRecord+CoreDataProperties.swift /Users/peter/Library/Developer/Xcode/DerivedData/ManualBox-dretyfoactigyqejyrxfarenchie/Build/Intermediates.noindex/ManualBox.build/Debug/ManualBox.build/DerivedSources/CoreDataGenerated/ManualBox/Tag+CoreDataClass.swift /Users/peter/Library/Developer/Xcode/DerivedData/ManualBox-dretyfoactigyqejyrxfarenchie/Build/Intermediates.noindex/ManualBox.build/Debug/ManualBox.build/DerivedSources/CoreDataGenerated/ManualBox/Tag+CoreDataProperties.swift /Users/peter/Library/Developer/Xcode/DerivedData/ManualBox-dretyfoactigyqejyrxfarenchie/Build/Intermediates.noindex/ManualBox.build/Debug/ManualBox.build/DerivedSources/CoreDataGenerated/ManualBox/ManualBox+CoreDataModel.swift /Users/peter/Library/Developer/Xcode/DerivedData/ManualBox-dretyfoactigyqejyrxfarenchie/Build/Intermediates.noindex/ManualBox.build/Debug/ManualBox.build/DerivedSources/GeneratedAssetSymbols.swift -emit-dependencies-path /Users/peter/Library/Developer/Xcode/DerivedData/ManualBox-dretyfoactigyqejyrxfarenchie/Build/Intermediates.noindex/ManualBox.build/Debug/ManualBox.build/Objects-normal/arm64/ManualSearchView.d -emit-const-values-path /Users/peter/Library/Developer/Xcode/DerivedData/ManualBox-dretyfoactigyqejyrxfarenchie/Build/Intermediates.noindex/ManualBox.build/Debug/ManualBox.build/Objects-normal/arm64/ManualSearchView.swiftconstvalues -emit-reference-dependencies-path /Users/peter/Library/Developer/Xcode/DerivedData/ManualBox-dretyfoactigyqejyrxfarenchie/Build/Intermediates.noindex/ManualBox.build/Debug/ManualBox.build/Objects-normal/arm64/ManualSearchView.swiftdeps -serialize-diagnostics-path /Users/peter/Library/Developer/Xcode/DerivedData/ManualBox-dretyfoactigyqejyrxfarenchie/Build/Intermediates.noindex/ManualBox.build/Debug/ManualBox.build/Objects-normal/arm64/ManualSearchView.dia -emit-localized-strings -emit-localized-strings-path /Users/peter/Library/Developer/Xcode/DerivedData/ManualBox-dretyfoactigyqejyrxfarenchie/Build/Intermediates.noindex/ManualBox.build/Debug/ManualBox.build/Objects-normal/arm64 -target arm64-apple-macos15.0 -Xllvm -aarch64-use-tbi -enable-objc-interop -stack-check -sdk /Applications/Xcode.app/Contents/Developer/Platforms/MacOSX.platform/Developer/SDKs/MacOSX15.5.sdk -I /Users/peter/Library/Developer/Xcode/DerivedData/ManualBox-dretyfoactigyqejyrxfarenchie/Build/Products/Debug -F /Users/peter/Library/Developer/Xcode/DerivedData/ManualBox-dretyfoactigyqejyrxfarenchie/Build/Products/Debug -no-color-diagnostics -enable-testing -g -debug-info-format\=dwarf -dwarf-version\=5 -module-cache-path /Users/peter/Library/Developer/Xcode/DerivedData/ModuleCache.noindex -profile-generate -profile-coverage-mapping -swift-version 5 -enforce-exclusivity\=checked -Onone -D DEBUG -serialize-debugging-options -const-gather-protocols-file /Users/peter/Library/Developer/Xcode/DerivedData/ManualBox-dretyfoactigyqejyrxfarenchie/Build/Intermediates.noindex/ManualBox.build/Debug/ManualBox.build/Objects-normal/arm64/ManualBox_const_extract_protocols.json -enable-experimental-feature DebugDescriptionMacro -enable-bare-slash-regex -empty-abi-descriptor -validate-clang-modules-once -clang-build-session-file /Users/peter/Library/Developer/Xcode/DerivedData/ModuleCache.noindex/Session.modulevalidation -Xcc -working-directory -Xcc /Users/peter/Desktop/Github/manualbox -resource-dir /Applications/Xcode.app/Contents/Developer/Toolchains/XcodeDefault.xctoolchain/usr/lib/swift -enable-anonymous-context-mangled-names -file-compilation-dir /Users/peter/Desktop/Github/manualbox -Xcc -ivfsstatcache -Xcc /Users/peter/Library/Developer/Xcode/DerivedData/SDKStatCaches.noindex/macosx15.5-24F74-8254517eb8b97d462ccbc072ba9094c9.sdkstatcache -Xcc -I/Users/peter/Library/Developer/Xcode/DerivedData/ManualBox-dretyfoactigyqejyrxfarenchie/Build/Intermediates.noindex/ManualBox.build/Debug/ManualBox.build/swift-overrides.hmap -Xcc -iquote -Xcc /Users/peter/Library/Developer/Xcode/DerivedData/ManualBox-dretyfoactigyqejyrxfarenchie/Build/Intermediates.noindex/ManualBox.build/Debug/ManualBox.build/ManualBox-generated-files.hmap -Xcc -I/Users/peter/Library/Developer/Xcode/DerivedData/ManualBox-dretyfoactigyqejyrxfarenchie/Build/Intermediates.noindex/ManualBox.build/Debug/ManualBox.build/ManualBox-own-target-headers.hmap -Xcc -I/Users/peter/Library/Developer/Xcode/DerivedData/ManualBox-dretyfoactigyqejyrxfarenchie/Build/Intermediates.noindex/ManualBox.build/Debug/ManualBox.build/ManualBox-all-target-headers.hmap -Xcc -iquote -Xcc /Users/peter/Library/Developer/Xcode/DerivedData/ManualBox-dretyfoactigyqejyrxfarenchie/Build/Intermediates.noindex/ManualBox.build/Debug/ManualBox.build/ManualBox-project-headers.hmap -Xcc -I/Users/peter/Library/Developer/Xcode/DerivedData/ManualBox-dretyfoactigyqejyrxfarenchie/Build/Products/Debug/include -Xcc -I/Users/peter/Library/Developer/Xcode/DerivedData/ManualBox-dretyfoactigyqejyrxfarenchie/Build/Intermediates.noindex/ManualBox.build/Debug/ManualBox.build/DerivedSources-normal/arm64 -Xcc -I/Users/peter/Library/Developer/Xcode/DerivedData/ManualBox-dretyfoactigyqejyrxfarenchie/Build/Intermediates.noindex/ManualBox.build/Debug/ManualBox.build/DerivedSources/arm64 -Xcc -I/Users/peter/Library/Developer/Xcode/DerivedData/ManualBox-dretyfoactigyqejyrxfarenchie/Build/Intermediates.noindex/ManualBox.build/Debug/ManualBox.build/DerivedSources -Xcc -DDEBUG\=1 -module-name ManualBox -frontend-parseable-output -disable-clang-spi -target-sdk-version 15.5 -target-sdk-name macosx15.5 -external-plugin-path /Applications/Xcode.app/Contents/Developer/Platforms/MacOSX.platform/Developer/usr/lib/swift/host/plugins\#/Applications/Xcode.app/Contents/Developer/Platforms/MacOSX.platform/Developer/usr/bin/swift-plugin-server -external-plugin-path /Applications/Xcode.app/Contents/Developer/Platforms/MacOSX.platform/Developer/usr/local/lib/swift/host/plugins\#/Applications/Xcode.app/Contents/Developer/Platforms/MacOSX.platform/Developer/usr/bin/swift-plugin-server -in-process-plugin-server-path /Applications/Xcode.app/Contents/Developer/Toolchains/XcodeDefault.xctoolchain/usr/lib/swift/host/libSwiftInProcPluginServer.dylib -plugin-path /Applications/Xcode.app/Contents/Developer/Toolchains/XcodeDefault.xctoolchain/usr/lib/swift/host/plugins -plugin-path /Applications/Xcode.app/Contents/Developer/Toolchains/XcodeDefault.xctoolchain/usr/local/lib/swift/host/plugins -o /Users/peter/Library/Developer/Xcode/DerivedData/ManualBox-dretyfoactigyqejyrxfarenchie/Build/Intermediates.noindex/ManualBox.build/Debug/ManualBox.build/Objects-normal/arm64/ManualSearchView.o -index-unit-output-path /ManualBox.build/Debug/ManualBox.build/Objects-normal/arm64/ManualSearchView.o -index-store-path /Users/peter/Library/Developer/Xcode/DerivedData/ManualBox-dretyfoactigyqejyrxfarenchie/Index.noindex/DataStore -index-system-modules

SwiftCompile normal arm64 /Users/peter/Desktop/Github/manualbox/ManualBox/UI/Views/Common/ManualSearchView.swift (in target 'ManualBox' from project 'ManualBox')
    cd /Users/peter/Desktop/Github/manualbox
    
/Users/peter/Desktop/Github/manualbox/ManualBox/UI/Views/Common/ManualSearchView.swift:406:14: error: 'navigationBarTitleDisplayMode' is unavailable in macOS
            .navigationBarTitleDisplayMode(.inline)
             ^~~~~~~~~~~~~~~~~~~~~~~~~~~~~
SwiftUI.View.navigationBarTitleDisplayMode:2:25: note: 'navigationBarTitleDisplayMode' has been explicitly marked unavailable here
nonisolated public func navigationBarTitleDisplayMode(_ displayMode: NavigationBarItem.TitleDisplayMode) -> some View
                        ^
/Users/peter/Desktop/Github/manualbox/ManualBox/UI/Views/Common/ManualSearchView.swift:409:49: error: 'navigationBarTrailing' is unavailable in macOS
                SwiftUI.ToolbarItem(placement: .navigationBarTrailing) {
                                                ^~~~~~~~~~~~~~~~~~~~~
SwiftUI.ToolbarItemPlacement.navigationBarTrailing:7:21: note: 'navigationBarTrailing' has been explicitly marked unavailable here
  public static let navigationBarTrailing: ToolbarItemPlacement}
                    ^

SwiftCompile normal arm64 Compiling\ SettingRow.swift /Users/peter/Desktop/Github/manualbox/ManualBox/UI/Views/Settings/SettingRow.swift (in target 'ManualBox' from project 'ManualBox')

SwiftCompile normal arm64 /Users/peter/Desktop/Github/manualbox/ManualBox/UI/Views/Settings/SettingRow.swift (in target 'ManualBox' from project 'ManualBox')
    cd /Users/peter/Desktop/Github/manualbox
    

SwiftCompile normal arm64 Compiling\ ExportService.swift /Users/peter/Desktop/Github/manualbox/ManualBox/Core/Models/ExportService.swift (in target 'ManualBox' from project 'ManualBox')

SwiftCompile normal arm64 /Users/peter/Desktop/Github/manualbox/ManualBox/Core/Models/ExportService.swift (in target 'ManualBox' from project 'ManualBox')
    cd /Users/peter/Desktop/Github/manualbox
    

SwiftCompile normal arm64 Compiling\ ThemePickerView.swift /Users/peter/Desktop/Github/manualbox/ManualBox/UI/Views/Settings/ThemePickerView.swift (in target 'ManualBox' from project 'ManualBox')

SwiftCompile normal arm64 /Users/peter/Desktop/Github/manualbox/ManualBox/UI/Views/Settings/ThemePickerView.swift (in target 'ManualBox' from project 'ManualBox')
    cd /Users/peter/Desktop/Github/manualbox
    

SwiftCompile normal arm64 Compiling\ ThemeSettingsPanel.swift /Users/peter/Desktop/Github/manualbox/ManualBox/UI/Views/Settings/ThemeSettingsPanel.swift (in target 'ManualBox' from project 'ManualBox')

SwiftCompile normal arm64 /Users/peter/Desktop/Github/manualbox/ManualBox/UI/Views/Settings/ThemeSettingsPanel.swift (in target 'ManualBox' from project 'ManualBox')
    cd /Users/peter/Desktop/Github/manualbox
    

SwiftCompile normal arm64 Compiling\ NotificationSettingsView.swift /Users/peter/Desktop/Github/manualbox/ManualBox/UI/Views/Settings/NotificationSettingsView.swift (in target 'ManualBox' from project 'ManualBox')

SwiftCompile normal arm64 /Users/peter/Desktop/Github/manualbox/ManualBox/UI/Views/Settings/NotificationSettingsView.swift (in target 'ManualBox' from project 'ManualBox')
    cd /Users/peter/Desktop/Github/manualbox
    

SwiftCompile normal arm64 Compiling\ ServiceContainer.swift /Users/peter/Desktop/Github/manualbox/ManualBox/Core/DependencyInjection/ServiceContainer.swift (in target 'ManualBox' from project 'ManualBox')

SwiftCompile normal arm64 /Users/peter/Desktop/Github/manualbox/ManualBox/Core/DependencyInjection/ServiceContainer.swift (in target 'ManualBox' from project 'ManualBox')
    cd /Users/peter/Desktop/Github/manualbox
    

SwiftCompile normal arm64 Compiling\ SearchFilterView.swift /Users/peter/Desktop/Github/manualbox/ManualBox/UI/Views/Products/SearchFilterView.swift (in target 'ManualBox' from project 'ManualBox')

SwiftCompile normal arm64 /Users/peter/Desktop/Github/manualbox/ManualBox/UI/Views/Products/SearchFilterView.swift (in target 'ManualBox' from project 'ManualBox')
    cd /Users/peter/Desktop/Github/manualbox
    

SwiftDriverJobDiscovery normal arm64 Compiling ServiceContainer.swift (in target 'ManualBox' from project 'ManualBox')

SwiftCompile normal arm64 Compiling\ PlatformImage.swift,\ WarrantyDefaultView.swift,\ PlatformButton.swift,\ ManualPreviewView.swift /Users/peter/Desktop/Github/manualbox/ManualBox/Core/Utils/PlatformImage.swift /Users/peter/Desktop/Github/manualbox/ManualBox/UI/Views/Settings/WarrantyDefaultView.swift /Users/peter/Desktop/Github/manualbox/ManualBox/UI/Components/PlatformButton.swift /Users/peter/Desktop/Github/manualbox/ManualBox/UI/Views/Products/ManualPreviewView.swift (in target 'ManualBox' from project 'ManualBox')

SwiftCompile normal arm64 /Users/peter/Desktop/Github/manualbox/ManualBox/Core/Utils/PlatformImage.swift (in target 'ManualBox' from project 'ManualBox')
    cd /Users/peter/Desktop/Github/manualbox
    

SwiftCompile normal arm64 /Users/peter/Desktop/Github/manualbox/ManualBox/UI/Views/Settings/WarrantyDefaultView.swift (in target 'ManualBox' from project 'ManualBox')
    cd /Users/peter/Desktop/Github/manualbox
    

SwiftCompile normal arm64 /Users/peter/Desktop/Github/manualbox/ManualBox/UI/Components/PlatformButton.swift (in target 'ManualBox' from project 'ManualBox')
    cd /Users/peter/Desktop/Github/manualbox
    

SwiftCompile normal arm64 /Users/peter/Desktop/Github/manualbox/ManualBox/UI/Views/Products/ManualPreviewView.swift (in target 'ManualBox' from project 'ManualBox')
    cd /Users/peter/Desktop/Github/manualbox
    

SwiftDriverJobDiscovery normal arm64 Compiling FilterView.swift (in target 'ManualBox' from project 'ManualBox')

SwiftCompile normal arm64 Compiling\ CategoriesView.swift,\ DataExportService.swift,\ SettingsView.swift,\ PlatformPerformance.swift /Users/peter/Desktop/Github/manualbox/ManualBox/UI/Views/Categories/CategoriesView.swift /Users/peter/Desktop/Github/manualbox/ManualBox/Core/Services/DataExportService.swift /Users/peter/Desktop/Github/manualbox/ManualBox/UI/Views/Settings/SettingsView.swift /Users/peter/Desktop/Github/manualbox/ManualBox/Core/Utils/PlatformPerformance.swift (in target 'ManualBox' from project 'ManualBox')

SwiftCompile normal arm64 /Users/peter/Desktop/Github/manualbox/ManualBox/UI/Views/Categories/CategoriesView.swift (in target 'ManualBox' from project 'ManualBox')
    cd /Users/peter/Desktop/Github/manualbox
    

SwiftCompile normal arm64 /Users/peter/Desktop/Github/manualbox/ManualBox/Core/Services/DataExportService.swift (in target 'ManualBox' from project 'ManualBox')
    cd /Users/peter/Desktop/Github/manualbox
    

SwiftCompile normal arm64 /Users/peter/Desktop/Github/manualbox/ManualBox/UI/Views/Settings/SettingsView.swift (in target 'ManualBox' from project 'ManualBox')
    cd /Users/peter/Desktop/Github/manualbox
    

SwiftCompile normal arm64 /Users/peter/Desktop/Github/manualbox/ManualBox/Core/Utils/PlatformPerformance.swift (in target 'ManualBox' from project 'ManualBox')
    cd /Users/peter/Desktop/Github/manualbox
    

SwiftDriverJobDiscovery normal arm64 Compiling ExportService.swift (in target 'ManualBox' from project 'ManualBox')

SwiftCompile normal arm64 Compiling\ Persistence.swift,\ RepairRecordsView.swift,\ ProductGridItem.swift,\ EditCategorySheet.swift,\ DataImportView.swift /Users/peter/Desktop/Github/manualbox/ManualBox/Core/Services/Persistence.swift /Users/peter/Desktop/Github/manualbox/ManualBox/UI/Views/Products/RepairRecordsView.swift /Users/peter/Desktop/Github/manualbox/ManualBox/UI/Views/Products/ProductGridItem.swift /Users/peter/Desktop/Github/manualbox/ManualBox/UI/Views/Categories/EditCategorySheet.swift /Users/peter/Desktop/Github/manualbox/ManualBox/UI/Views/Settings/DataImportView.swift (in target 'ManualBox' from project 'ManualBox')

SwiftCompile normal arm64 /Users/peter/Desktop/Github/manualbox/ManualBox/Core/Services/Persistence.swift (in target 'ManualBox' from project 'ManualBox')
    cd /Users/peter/Desktop/Github/manualbox
    

SwiftCompile normal arm64 /Users/peter/Desktop/Github/manualbox/ManualBox/UI/Views/Products/RepairRecordsView.swift (in target 'ManualBox' from project 'ManualBox')
    cd /Users/peter/Desktop/Github/manualbox
    

SwiftCompile normal arm64 /Users/peter/Desktop/Github/manualbox/ManualBox/UI/Views/Products/ProductGridItem.swift (in target 'ManualBox' from project 'ManualBox')
    cd /Users/peter/Desktop/Github/manualbox
    

SwiftCompile normal arm64 /Users/peter/Desktop/Github/manualbox/ManualBox/UI/Views/Categories/EditCategorySheet.swift (in target 'ManualBox' from project 'ManualBox')
    cd /Users/peter/Desktop/Github/manualbox
    

SwiftCompile normal arm64 /Users/peter/Desktop/Github/manualbox/ManualBox/UI/Views/Settings/DataImportView.swift (in target 'ManualBox' from project 'ManualBox')
    cd /Users/peter/Desktop/Github/manualbox
    

SwiftDriverJobDiscovery normal arm64 Compiling OCRDefaultView.swift (in target 'ManualBox' from project 'ManualBox')

SwiftCompile normal arm64 Compiling\ EnhancedFileUploadView.swift,\ DataBackupView.swift,\ RepairRecordRow.swift,\ GeneratedAssetSymbols.swift /Users/peter/Desktop/Github/manualbox/ManualBox/UI/Views/Common/EnhancedFileUploadView.swift /Users/peter/Desktop/Github/manualbox/ManualBox/UI/Views/Settings/DataBackupView.swift /Users/peter/Desktop/Github/manualbox/ManualBox/UI/Views/Products/RepairRecordRow.swift /Users/peter/Library/Developer/Xcode/DerivedData/ManualBox-dretyfoactigyqejyrxfarenchie/Build/Intermediates.noindex/ManualBox.build/Debug/ManualBox.build/DerivedSources/GeneratedAssetSymbols.swift (in target 'ManualBox' from project 'ManualBox')

SwiftCompile normal arm64 /Users/peter/Desktop/Github/manualbox/ManualBox/UI/Views/Common/EnhancedFileUploadView.swift (in target 'ManualBox' from project 'ManualBox')
    cd /Users/peter/Desktop/Github/manualbox
    

SwiftCompile normal arm64 /Users/peter/Desktop/Github/manualbox/ManualBox/UI/Views/Settings/DataBackupView.swift (in target 'ManualBox' from project 'ManualBox')
    cd /Users/peter/Desktop/Github/manualbox
    

SwiftCompile normal arm64 /Users/peter/Desktop/Github/manualbox/ManualBox/UI/Views/Products/RepairRecordRow.swift (in target 'ManualBox' from project 'ManualBox')
    cd /Users/peter/Desktop/Github/manualbox
    

SwiftCompile normal arm64 /Users/peter/Library/Developer/Xcode/DerivedData/ManualBox-dretyfoactigyqejyrxfarenchie/Build/Intermediates.noindex/ManualBox.build/Debug/ManualBox.build/DerivedSources/GeneratedAssetSymbols.swift (in target 'ManualBox' from project 'ManualBox')
    cd /Users/peter/Desktop/Github/manualbox
    

SwiftDriverJobDiscovery normal arm64 Compiling SettingRow.swift (in target 'ManualBox' from project 'ManualBox')

SwiftCompile normal arm64 Compiling\ ContentView.swift,\ ProductGridView.swift,\ PlatformLayout.swift,\ CategoryDetailView.swift,\ DataSettingsPanel.swift /Users/peter/Desktop/Github/manualbox/ManualBox/Features/Products/ContentView.swift /Users/peter/Desktop/Github/manualbox/ManualBox/UI/Views/Products/ProductGridView.swift /Users/peter/Desktop/Github/manualbox/ManualBox/UI/Components/PlatformLayout.swift /Users/peter/Desktop/Github/manualbox/ManualBox/UI/Views/Categories/CategoryDetailView.swift /Users/peter/Desktop/Github/manualbox/ManualBox/UI/Views/Settings/DataSettingsPanel.swift (in target 'ManualBox' from project 'ManualBox')

SwiftCompile normal arm64 /Users/peter/Desktop/Github/manualbox/ManualBox/Features/Products/ContentView.swift (in target 'ManualBox' from project 'ManualBox')
    cd /Users/peter/Desktop/Github/manualbox
    

SwiftCompile normal arm64 /Users/peter/Desktop/Github/manualbox/ManualBox/UI/Views/Products/ProductGridView.swift (in target 'ManualBox' from project 'ManualBox')
    cd /Users/peter/Desktop/Github/manualbox
    

SwiftCompile normal arm64 /Users/peter/Desktop/Github/manualbox/ManualBox/UI/Components/PlatformLayout.swift (in target 'ManualBox' from project 'ManualBox')
    cd /Users/peter/Desktop/Github/manualbox
    

SwiftCompile normal arm64 /Users/peter/Desktop/Github/manualbox/ManualBox/UI/Views/Categories/CategoryDetailView.swift (in target 'ManualBox' from project 'ManualBox')
    cd /Users/peter/Desktop/Github/manualbox
    

SwiftCompile normal arm64 /Users/peter/Desktop/Github/manualbox/ManualBox/UI/Views/Settings/DataSettingsPanel.swift (in target 'ManualBox' from project 'ManualBox')
    cd /Users/peter/Desktop/Github/manualbox
    

SwiftDriverJobDiscovery normal arm64 Compiling ThemeSettingsPanel.swift (in target 'ManualBox' from project 'ManualBox')

SwiftCompile normal arm64 Compiling\ RepairRecordDetailView.swift,\ PlatformToolbar.swift,\ Tag+Extensions.swift,\ TagsView.swift /Users/peter/Desktop/Github/manualbox/ManualBox/UI/Views/Products/RepairRecordDetailView.swift /Users/peter/Desktop/Github/manualbox/ManualBox/UI/Components/PlatformToolbar.swift /Users/peter/Desktop/Github/manualbox/ManualBox/Core/Models/Tag+Extensions.swift /Users/peter/Desktop/Github/manualbox/ManualBox/UI/Views/Tags/TagsView.swift (in target 'ManualBox' from project 'ManualBox')

SwiftDriverJobDiscovery normal arm64 Compiling PlatformModal.swift (in target 'ManualBox' from project 'ManualBox')

SwiftCompile normal arm64 Compiling\ Category+Extensions.swift,\ ProductFilterView.swift,\ PlatformNavigation.swift,\ PolicySheetView.swift,\ TagDetailView.swift /Users/peter/Desktop/Github/manualbox/ManualBox/Core/Models/Category+Extensions.swift /Users/peter/Desktop/Github/manualbox/ManualBox/UI/Views/Products/ProductFilterView.swift /Users/peter/Desktop/Github/manualbox/ManualBox/UI/Components/PlatformNavigation.swift /Users/peter/Desktop/Github/manualbox/ManualBox/UI/Views/Settings/PolicySheetView.swift /Users/peter/Desktop/Github/manualbox/ManualBox/UI/Views/Tags/TagDetailView.swift (in target 'ManualBox' from project 'ManualBox')

SwiftDriverJobDiscovery normal arm64 Compiling NotificationSettingsView.swift (in target 'ManualBox' from project 'ManualBox')

SwiftCompile normal arm64 Compiling\ ProductListItem.swift,\ PlatformFileHandler.swift,\ NotificationScheduler.swift,\ EditRepairRecordView.swift /Users/peter/Desktop/Github/manualbox/ManualBox/UI/Views/Products/ProductListItem.swift /Users/peter/Desktop/Github/manualbox/ManualBox/UI/Components/PlatformFileHandler.swift /Users/peter/Desktop/Github/manualbox/ManualBox/Core/Models/NotificationScheduler.swift /Users/peter/Desktop/Github/manualbox/ManualBox/UI/Views/Products/EditRepairRecordView.swift (in target 'ManualBox' from project 'ManualBox')
Command SwiftCompile failed with a nonzero exit code

** BUILD FAILED **


The following build commands failed:
	SwiftCompile normal arm64 Compiling\ ManualSearchView.swift /Users/peter/Desktop/Github/manualbox/ManualBox/UI/Views/Common/ManualSearchView.swift (in target 'ManualBox' from project 'ManualBox')
	SwiftCompile normal arm64 /Users/peter/Desktop/Github/manualbox/ManualBox/UI/Views/Common/ManualSearchView.swift (in target 'ManualBox' from project 'ManualBox')
	SwiftCompile normal arm64 Compiling\ ProductListItem.swift,\ PlatformFileHandler.swift,\ NotificationScheduler.swift,\ EditRepairRecordView.swift /Users/peter/Desktop/Github/manualbox/ManualBox/UI/Views/Products/ProductListItem.swift /Users/peter/Desktop/Github/manualbox/ManualBox/UI/Components/PlatformFileHandler.swift /Users/peter/Desktop/Github/manualbox/ManualBox/Core/Models/NotificationScheduler.swift /Users/peter/Desktop/Github/manualbox/ManualBox/UI/Views/Products/EditRepairRecordView.swift (in target 'ManualBox' from project 'ManualBox')
	Building project ManualBox with scheme ManualBox
(4 failures)
